<?xml version="1.0" encoding="UTF-8"?>
<testsuite name="PasswordTester" tests="5" skipped="0" failures="0" errors="0" timestamp="2020-02-12T11:22:02" hostname="admin1-ThinkCentre-M72e" time="0.012">
  <properties/>
  <testcase name="PasswordLength" classname="PasswordTester" time="0.002"/>
  <testcase name="PasswordLowerCase" classname="PasswordTester" time="0.006"/>
  <testcase name="PasswordUpperCase" classname="PasswordTester" time="0.001"/>
  <testcase name="PasswordDigit" classname="PasswordTester" time="0.001"/>
  <testcase name="PasswordSpecialChar" classname="PasswordTester" time="0.001"/>
  <system-out><![CDATA[java.lang.Exception: The password must have at least one lowercase
java.lang.Exception: The password must have at least one uppercase
java.lang.Exception: The password must have at least one digit
java.lang.Exception: The password must have at least one uppercase
]]></system-out>
  <system-err><![CDATA[]]></system-err>
</testsuite>
